Performing C SOURCE FILE Test CMAKE_HAVE_LIBC_PTHREAD failed with the following output:
Change Dir: /root/workspace/LightTorch/archive/hw4_extra/build/CMakeFiles/CMakeTmp

Run Build Command(s):/usr/bin/make cmTC_8beb8/fast && make[1]: Entering directory '/root/workspace/LightTorch/archive/hw4_extra/build/CMakeFiles/CMakeTmp'
/usr/bin/make -f CMakeFiles/cmTC_8beb8.dir/build.make CMakeFiles/cmTC_8beb8.dir/build
make[2]: Entering directory '/root/workspace/LightTorch/archive/hw4_extra/build/CMakeFiles/CMakeTmp'
Building C object CMakeFiles/cmTC_8beb8.dir/src.c.o
/usr/bin/cc   -fPIC -DCMAKE_HAVE_LIBC_PTHREAD   -o CMakeFiles/cmTC_8beb8.dir/src.c.o   -c /root/workspace/LightTorch/archive/hw4_extra/build/CMakeFiles/CMakeTmp/src.c
Linking C executable cmTC_8beb8
/usr/bin/cmake -E cmake_link_script CMakeFiles/cmTC_8beb8.dir/link.txt --verbose=1
/usr/bin/cc -fPIC -DCMAKE_HAVE_LIBC_PTHREAD    CMakeFiles/cmTC_8beb8.dir/src.c.o  -o cmTC_8beb8 
/usr/bin/ld: CMakeFiles/cmTC_8beb8.dir/src.c.o: in function `main':
src.c:(.text+0x46): undefined reference to `pthread_create'
/usr/bin/ld: src.c:(.text+0x52): undefined reference to `pthread_detach'
/usr/bin/ld: src.c:(.text+0x63): undefined reference to `pthread_join'
collect2: error: ld returned 1 exit status
make[2]: *** [CMakeFiles/cmTC_8beb8.dir/build.make:87: cmTC_8beb8] Error 1
make[2]: Leaving directory '/root/workspace/LightTorch/archive/hw4_extra/build/CMakeFiles/CMakeTmp'
make[1]: *** [Makefile:121: cmTC_8beb8/fast] Error 2
make[1]: Leaving directory '/root/workspace/LightTorch/archive/hw4_extra/build/CMakeFiles/CMakeTmp'


Source file was:
#include <pthread.h>

void* test_func(void* data)
{
  return data;
}

int main(void)
{
  pthread_t thread;
  pthread_create(&thread, NULL, test_func, NULL);
  pthread_detach(thread);
  pthread_join(thread, NULL);
  pthread_atfork(NULL, NULL, NULL);
  pthread_exit(NULL);

  return 0;
}

Determining if the function pthread_create exists in the pthreads failed with the following output:
Change Dir: /root/workspace/LightTorch/archive/hw4_extra/build/CMakeFiles/CMakeTmp

Run Build Command(s):/usr/bin/make cmTC_9875b/fast && make[1]: Entering directory '/root/workspace/LightTorch/archive/hw4_extra/build/CMakeFiles/CMakeTmp'
/usr/bin/make -f CMakeFiles/cmTC_9875b.dir/build.make CMakeFiles/cmTC_9875b.dir/build
make[2]: Entering directory '/root/workspace/LightTorch/archive/hw4_extra/build/CMakeFiles/CMakeTmp'
Building C object CMakeFiles/cmTC_9875b.dir/CheckFunctionExists.c.o
/usr/bin/cc   -fPIC -DCHECK_FUNCTION_EXISTS=pthread_create   -o CMakeFiles/cmTC_9875b.dir/CheckFunctionExists.c.o   -c /usr/share/cmake-3.16/Modules/CheckFunctionExists.c
Linking C executable cmTC_9875b
/usr/bin/cmake -E cmake_link_script CMakeFiles/cmTC_9875b.dir/link.txt --verbose=1
/usr/bin/cc -fPIC -DCHECK_FUNCTION_EXISTS=pthread_create    CMakeFiles/cmTC_9875b.dir/CheckFunctionExists.c.o  -o cmTC_9875b  -lpthreads 
/usr/bin/ld: cannot find -lpthreads
collect2: error: ld returned 1 exit status
make[2]: *** [CMakeFiles/cmTC_9875b.dir/build.make:87: cmTC_9875b] Error 1
make[2]: Leaving directory '/root/workspace/LightTorch/archive/hw4_extra/build/CMakeFiles/CMakeTmp'
make[1]: *** [Makefile:121: cmTC_9875b/fast] Error 2
make[1]: Leaving directory '/root/workspace/LightTorch/archive/hw4_extra/build/CMakeFiles/CMakeTmp'



