Performing C SOURCE FILE Test CMAKE_HAVE_LIBC_PTHREAD failed with the following output:
Change Dir: /root/workspace/LightTorch/archive/hw3/build/CMakeFiles/CMakeTmp

Run Build Command(s):/usr/bin/make cmTC_4a0c8/fast && make[1]: Entering directory '/root/workspace/LightTorch/archive/hw3/build/CMakeFiles/CMakeTmp'
/usr/bin/make -f CMakeFiles/cmTC_4a0c8.dir/build.make CMakeFiles/cmTC_4a0c8.dir/build
make[2]: Entering directory '/root/workspace/LightTorch/archive/hw3/build/CMakeFiles/CMakeTmp'
Building C object CMakeFiles/cmTC_4a0c8.dir/src.c.o
/usr/bin/cc   -fPIC -DCMAKE_HAVE_LIBC_PTHREAD   -o CMakeFiles/cmTC_4a0c8.dir/src.c.o   -c /root/workspace/LightTorch/archive/hw3/build/CMakeFiles/CMakeTmp/src.c
Linking C executable cmTC_4a0c8
/usr/bin/cmake -E cmake_link_script CMakeFiles/cmTC_4a0c8.dir/link.txt --verbose=1
/usr/bin/cc -fPIC -DCMAKE_HAVE_LIBC_PTHREAD    CMakeFiles/cmTC_4a0c8.dir/src.c.o  -o cmTC_4a0c8 
/usr/bin/ld: CMakeFiles/cmTC_4a0c8.dir/src.c.o: in function `main':
src.c:(.text+0x46): undefined reference to `pthread_create'
/usr/bin/ld: src.c:(.text+0x52): undefined reference to `pthread_detach'
/usr/bin/ld: src.c:(.text+0x63): undefined reference to `pthread_join'
collect2: error: ld returned 1 exit status
make[2]: *** [CMakeFiles/cmTC_4a0c8.dir/build.make:87: cmTC_4a0c8] Error 1
make[2]: Leaving directory '/root/workspace/LightTorch/archive/hw3/build/CMakeFiles/CMakeTmp'
make[1]: *** [Makefile:121: cmTC_4a0c8/fast] Error 2
make[1]: Leaving directory '/root/workspace/LightTorch/archive/hw3/build/CMakeFiles/CMakeTmp'


Source file was:
#include <pthread.h>

void* test_func(void* data)
{
  return data;
}

int main(void)
{
  pthread_t thread;
  pthread_create(&thread, NULL, test_func, NULL);
  pthread_detach(thread);
  pthread_join(thread, NULL);
  pthread_atfork(NULL, NULL, NULL);
  pthread_exit(NULL);

  return 0;
}

Determining if the function pthread_create exists in the pthreads failed with the following output:
Change Dir: /root/workspace/LightTorch/archive/hw3/build/CMakeFiles/CMakeTmp

Run Build Command(s):/usr/bin/make cmTC_72f3f/fast && make[1]: Entering directory '/root/workspace/LightTorch/archive/hw3/build/CMakeFiles/CMakeTmp'
/usr/bin/make -f CMakeFiles/cmTC_72f3f.dir/build.make CMakeFiles/cmTC_72f3f.dir/build
make[2]: Entering directory '/root/workspace/LightTorch/archive/hw3/build/CMakeFiles/CMakeTmp'
Building C object CMakeFiles/cmTC_72f3f.dir/CheckFunctionExists.c.o
/usr/bin/cc   -fPIC -DCHECK_FUNCTION_EXISTS=pthread_create   -o CMakeFiles/cmTC_72f3f.dir/CheckFunctionExists.c.o   -c /usr/share/cmake-3.16/Modules/CheckFunctionExists.c
Linking C executable cmTC_72f3f
/usr/bin/cmake -E cmake_link_script CMakeFiles/cmTC_72f3f.dir/link.txt --verbose=1
/usr/bin/cc -fPIC -DCHECK_FUNCTION_EXISTS=pthread_create    CMakeFiles/cmTC_72f3f.dir/CheckFunctionExists.c.o  -o cmTC_72f3f  -lpthreads 
/usr/bin/ld: cannot find -lpthreads
collect2: error: ld returned 1 exit status
make[2]: *** [CMakeFiles/cmTC_72f3f.dir/build.make:87: cmTC_72f3f] Error 1
make[2]: Leaving directory '/root/workspace/LightTorch/archive/hw3/build/CMakeFiles/CMakeTmp'
make[1]: *** [Makefile:121: cmTC_72f3f/fast] Error 2
make[1]: Leaving directory '/root/workspace/LightTorch/archive/hw3/build/CMakeFiles/CMakeTmp'



Performing C SOURCE FILE Test CMAKE_HAVE_LIBC_PTHREAD failed with the following output:
Change Dir: /root/workspace/LightTorch/archive/hw3/build/CMakeFiles/CMakeTmp

Run Build Command(s):/usr/bin/make cmTC_60174/fast && make[1]: Entering directory '/root/workspace/LightTorch/archive/hw3/build/CMakeFiles/CMakeTmp'
/usr/bin/make -f CMakeFiles/cmTC_60174.dir/build.make CMakeFiles/cmTC_60174.dir/build
make[2]: Entering directory '/root/workspace/LightTorch/archive/hw3/build/CMakeFiles/CMakeTmp'
Building C object CMakeFiles/cmTC_60174.dir/src.c.o
/usr/bin/cc   -fPIC -DCMAKE_HAVE_LIBC_PTHREAD   -o CMakeFiles/cmTC_60174.dir/src.c.o   -c /root/workspace/LightTorch/archive/hw3/build/CMakeFiles/CMakeTmp/src.c
Linking C executable cmTC_60174
/usr/bin/cmake -E cmake_link_script CMakeFiles/cmTC_60174.dir/link.txt --verbose=1
/usr/bin/cc -fPIC -DCMAKE_HAVE_LIBC_PTHREAD    CMakeFiles/cmTC_60174.dir/src.c.o  -o cmTC_60174 
/usr/bin/ld: CMakeFiles/cmTC_60174.dir/src.c.o: in function `main':
src.c:(.text+0x46): undefined reference to `pthread_create'
/usr/bin/ld: src.c:(.text+0x52): undefined reference to `pthread_detach'
/usr/bin/ld: src.c:(.text+0x63): undefined reference to `pthread_join'
collect2: error: ld returned 1 exit status
make[2]: *** [CMakeFiles/cmTC_60174.dir/build.make:87: cmTC_60174] Error 1
make[2]: Leaving directory '/root/workspace/LightTorch/archive/hw3/build/CMakeFiles/CMakeTmp'
make[1]: *** [Makefile:121: cmTC_60174/fast] Error 2
make[1]: Leaving directory '/root/workspace/LightTorch/archive/hw3/build/CMakeFiles/CMakeTmp'


Source file was:
#include <pthread.h>

void* test_func(void* data)
{
  return data;
}

int main(void)
{
  pthread_t thread;
  pthread_create(&thread, NULL, test_func, NULL);
  pthread_detach(thread);
  pthread_join(thread, NULL);
  pthread_atfork(NULL, NULL, NULL);
  pthread_exit(NULL);

  return 0;
}

Determining if the function pthread_create exists in the pthreads failed with the following output:
Change Dir: /root/workspace/LightTorch/archive/hw3/build/CMakeFiles/CMakeTmp

Run Build Command(s):/usr/bin/make cmTC_01cbc/fast && make[1]: Entering directory '/root/workspace/LightTorch/archive/hw3/build/CMakeFiles/CMakeTmp'
/usr/bin/make -f CMakeFiles/cmTC_01cbc.dir/build.make CMakeFiles/cmTC_01cbc.dir/build
make[2]: Entering directory '/root/workspace/LightTorch/archive/hw3/build/CMakeFiles/CMakeTmp'
Building C object CMakeFiles/cmTC_01cbc.dir/CheckFunctionExists.c.o
/usr/bin/cc   -fPIC -DCHECK_FUNCTION_EXISTS=pthread_create   -o CMakeFiles/cmTC_01cbc.dir/CheckFunctionExists.c.o   -c /usr/share/cmake-3.16/Modules/CheckFunctionExists.c
Linking C executable cmTC_01cbc
/usr/bin/cmake -E cmake_link_script CMakeFiles/cmTC_01cbc.dir/link.txt --verbose=1
/usr/bin/cc -fPIC -DCHECK_FUNCTION_EXISTS=pthread_create    CMakeFiles/cmTC_01cbc.dir/CheckFunctionExists.c.o  -o cmTC_01cbc  -lpthreads 
/usr/bin/ld: cannot find -lpthreads
collect2: error: ld returned 1 exit status
make[2]: *** [CMakeFiles/cmTC_01cbc.dir/build.make:87: cmTC_01cbc] Error 1
make[2]: Leaving directory '/root/workspace/LightTorch/archive/hw3/build/CMakeFiles/CMakeTmp'
make[1]: *** [Makefile:121: cmTC_01cbc/fast] Error 2
make[1]: Leaving directory '/root/workspace/LightTorch/archive/hw3/build/CMakeFiles/CMakeTmp'



