Performing C SOURCE FILE Test CMAKE_HAVE_LIBC_PTHREAD failed with the following output:
Change Dir: /root/workspace/LightTorch/archive/hw4/build/CMakeFiles/CMakeTmp

Run Build Command(s):/usr/bin/make cmTC_a2656/fast && make[1]: Entering directory '/root/workspace/LightTorch/archive/hw4/build/CMakeFiles/CMakeTmp'
/usr/bin/make -f CMakeFiles/cmTC_a2656.dir/build.make CMakeFiles/cmTC_a2656.dir/build
make[2]: Entering directory '/root/workspace/LightTorch/archive/hw4/build/CMakeFiles/CMakeTmp'
Building C object CMakeFiles/cmTC_a2656.dir/src.c.o
/usr/bin/cc   -fPIC -DCMAKE_HAVE_LIBC_PTHREAD   -o CMakeFiles/cmTC_a2656.dir/src.c.o   -c /root/workspace/LightTorch/archive/hw4/build/CMakeFiles/CMakeTmp/src.c
Linking C executable cmTC_a2656
/usr/bin/cmake -E cmake_link_script CMakeFiles/cmTC_a2656.dir/link.txt --verbose=1
/usr/bin/cc -fPIC -DCMAKE_HAVE_LIBC_PTHREAD    CMakeFiles/cmTC_a2656.dir/src.c.o  -o cmTC_a2656 
/usr/bin/ld: CMakeFiles/cmTC_a2656.dir/src.c.o: in function `main':
src.c:(.text+0x46): undefined reference to `pthread_create'
/usr/bin/ld: src.c:(.text+0x52): undefined reference to `pthread_detach'
/usr/bin/ld: src.c:(.text+0x63): undefined reference to `pthread_join'
collect2: error: ld returned 1 exit status
make[2]: *** [CMakeFiles/cmTC_a2656.dir/build.make:87: cmTC_a2656] Error 1
make[2]: Leaving directory '/root/workspace/LightTorch/archive/hw4/build/CMakeFiles/CMakeTmp'
make[1]: *** [Makefile:121: cmTC_a2656/fast] Error 2
make[1]: Leaving directory '/root/workspace/LightTorch/archive/hw4/build/CMakeFiles/CMakeTmp'


Source file was:
#include <pthread.h>

void* test_func(void* data)
{
  return data;
}

int main(void)
{
  pthread_t thread;
  pthread_create(&thread, NULL, test_func, NULL);
  pthread_detach(thread);
  pthread_join(thread, NULL);
  pthread_atfork(NULL, NULL, NULL);
  pthread_exit(NULL);

  return 0;
}

Determining if the function pthread_create exists in the pthreads failed with the following output:
Change Dir: /root/workspace/LightTorch/archive/hw4/build/CMakeFiles/CMakeTmp

Run Build Command(s):/usr/bin/make cmTC_9802b/fast && make[1]: Entering directory '/root/workspace/LightTorch/archive/hw4/build/CMakeFiles/CMakeTmp'
/usr/bin/make -f CMakeFiles/cmTC_9802b.dir/build.make CMakeFiles/cmTC_9802b.dir/build
make[2]: Entering directory '/root/workspace/LightTorch/archive/hw4/build/CMakeFiles/CMakeTmp'
Building C object CMakeFiles/cmTC_9802b.dir/CheckFunctionExists.c.o
/usr/bin/cc   -fPIC -DCHECK_FUNCTION_EXISTS=pthread_create   -o CMakeFiles/cmTC_9802b.dir/CheckFunctionExists.c.o   -c /usr/share/cmake-3.16/Modules/CheckFunctionExists.c
Linking C executable cmTC_9802b
/usr/bin/cmake -E cmake_link_script CMakeFiles/cmTC_9802b.dir/link.txt --verbose=1
/usr/bin/cc -fPIC -DCHECK_FUNCTION_EXISTS=pthread_create    CMakeFiles/cmTC_9802b.dir/CheckFunctionExists.c.o  -o cmTC_9802b  -lpthreads 
/usr/bin/ld: cannot find -lpthreads
collect2: error: ld returned 1 exit status
make[2]: *** [CMakeFiles/cmTC_9802b.dir/build.make:87: cmTC_9802b] Error 1
make[2]: Leaving directory '/root/workspace/LightTorch/archive/hw4/build/CMakeFiles/CMakeTmp'
make[1]: *** [Makefile:121: cmTC_9802b/fast] Error 2
make[1]: Leaving directory '/root/workspace/LightTorch/archive/hw4/build/CMakeFiles/CMakeTmp'



Performing C SOURCE FILE Test CMAKE_HAVE_LIBC_PTHREAD failed with the following output:
Change Dir: /root/workspace/LightTorch/archive/hw4/build/CMakeFiles/CMakeTmp

Run Build Command(s):/usr/bin/make cmTC_81c27/fast && make[1]: Entering directory '/root/workspace/LightTorch/archive/hw4/build/CMakeFiles/CMakeTmp'
/usr/bin/make -f CMakeFiles/cmTC_81c27.dir/build.make CMakeFiles/cmTC_81c27.dir/build
make[2]: Entering directory '/root/workspace/LightTorch/archive/hw4/build/CMakeFiles/CMakeTmp'
Building C object CMakeFiles/cmTC_81c27.dir/src.c.o
/usr/bin/cc   -fPIC -DCMAKE_HAVE_LIBC_PTHREAD   -o CMakeFiles/cmTC_81c27.dir/src.c.o   -c /root/workspace/LightTorch/archive/hw4/build/CMakeFiles/CMakeTmp/src.c
Linking C executable cmTC_81c27
/usr/bin/cmake -E cmake_link_script CMakeFiles/cmTC_81c27.dir/link.txt --verbose=1
/usr/bin/cc -fPIC -DCMAKE_HAVE_LIBC_PTHREAD    CMakeFiles/cmTC_81c27.dir/src.c.o  -o cmTC_81c27 
/usr/bin/ld: CMakeFiles/cmTC_81c27.dir/src.c.o: in function `main':
src.c:(.text+0x46): undefined reference to `pthread_create'
/usr/bin/ld: src.c:(.text+0x52): undefined reference to `pthread_detach'
/usr/bin/ld: src.c:(.text+0x63): undefined reference to `pthread_join'
collect2: error: ld returned 1 exit status
make[2]: *** [CMakeFiles/cmTC_81c27.dir/build.make:87: cmTC_81c27] Error 1
make[2]: Leaving directory '/root/workspace/LightTorch/archive/hw4/build/CMakeFiles/CMakeTmp'
make[1]: *** [Makefile:121: cmTC_81c27/fast] Error 2
make[1]: Leaving directory '/root/workspace/LightTorch/archive/hw4/build/CMakeFiles/CMakeTmp'


Source file was:
#include <pthread.h>

void* test_func(void* data)
{
  return data;
}

int main(void)
{
  pthread_t thread;
  pthread_create(&thread, NULL, test_func, NULL);
  pthread_detach(thread);
  pthread_join(thread, NULL);
  pthread_atfork(NULL, NULL, NULL);
  pthread_exit(NULL);

  return 0;
}

Determining if the function pthread_create exists in the pthreads failed with the following output:
Change Dir: /root/workspace/LightTorch/archive/hw4/build/CMakeFiles/CMakeTmp

Run Build Command(s):/usr/bin/make cmTC_51e42/fast && make[1]: Entering directory '/root/workspace/LightTorch/archive/hw4/build/CMakeFiles/CMakeTmp'
/usr/bin/make -f CMakeFiles/cmTC_51e42.dir/build.make CMakeFiles/cmTC_51e42.dir/build
make[2]: Entering directory '/root/workspace/LightTorch/archive/hw4/build/CMakeFiles/CMakeTmp'
Building C object CMakeFiles/cmTC_51e42.dir/CheckFunctionExists.c.o
/usr/bin/cc   -fPIC -DCHECK_FUNCTION_EXISTS=pthread_create   -o CMakeFiles/cmTC_51e42.dir/CheckFunctionExists.c.o   -c /usr/share/cmake-3.16/Modules/CheckFunctionExists.c
Linking C executable cmTC_51e42
/usr/bin/cmake -E cmake_link_script CMakeFiles/cmTC_51e42.dir/link.txt --verbose=1
/usr/bin/cc -fPIC -DCHECK_FUNCTION_EXISTS=pthread_create    CMakeFiles/cmTC_51e42.dir/CheckFunctionExists.c.o  -o cmTC_51e42  -lpthreads 
/usr/bin/ld: cannot find -lpthreads
collect2: error: ld returned 1 exit status
make[2]: *** [CMakeFiles/cmTC_51e42.dir/build.make:87: cmTC_51e42] Error 1
make[2]: Leaving directory '/root/workspace/LightTorch/archive/hw4/build/CMakeFiles/CMakeTmp'
make[1]: *** [Makefile:121: cmTC_51e42/fast] Error 2
make[1]: Leaving directory '/root/workspace/LightTorch/archive/hw4/build/CMakeFiles/CMakeTmp'



